771a4f6ff5a3510ada004bf79c61a1b9  uboot-2014.07-pine64.img.gz https://googledrive.com/host/0B_YnvHgh2rwjai00UTZZeWt3ZUE v0.1.1(20160704) 8k
fa91c4c3b6a2e4dac13ce2f87cbd4f76  u-boot-2016.05-bpi-m1-m1p-r1-legacy.img.gz https://googledrive.com/host/0B_YnvHgh2rwjN2xxOVZLVVQ2WkE v1.1.1(20160704) 8k
808a7b3cf68eeb98d52eda3e08eb01ba  u-boot-2016.05-bpi-m1-legacy.img.gz https://googledrive.com/host/0B_YnvHgh2rwjdlBXMlNmU2xZUm8 v1.1.0 8k
990c137f7324972315846e1f1b617251  u-boot-2016.05-bpi-m1p-legacy.img.gz https://googledrive.com/host/0B_YnvHgh2rwjM2tpM3p6b21fYjA v1.1.0 8k
7a1129f52a9ecdebaaf2f8f50cbbfeb2  u-boot-2016.05-bpi-r1-legacy.img.gz https://googledrive.com/host/0B_YnvHgh2rwjSklVcWJrV1psSEk v1.1.0 8k
5b58ce911d4e6887c540af949e9b451c  BPI_M2P_720P-openelec.img.gz https://googledrive.com/host/0B_YnvHgh2rwjOTJKNEthYThaTXM v1.2.6 8k
73ee2dc3dc2735fa3edcb27247eb86b6  BPI_M2_720P.img.gz https://googledrive.com/host/0B_YnvHgh2rwjM0RJbm41T3ZCRnM v.1.2.3 8k
a479c8a9953061d2062c2be080e43825  BPI_M2P_720P.img.gz https://googledrive.com/host/0B_YnvHgh2rwjZ1JoaWpwWnQ3Q2M v1.2.6 8k
40bff6c98c4d71b576439acb76728074  BPI_M3_720P.img.gz https://googledrive.com/host/0B_YnvHgh2rwjNm5NbTJBazZQMGc v1.2.9 8k
3231142a5f94ca2ff9b8a0c9346479db  uboot-bpi-m2.img.gz https://googledrive.com/host/0B_YnvHgh2rwjbFh1TEQtbURubGc v1.0 8k
703aa13ffa187dfbfab32c1fe4a15b84  BPI-BOOT.tgz https://googledrive.com/host/0B6FbwMfcqfFZc0xIdldGWTNibmc v1.1.0(2016-08-10) /boot
ee99800afbce31ad66d8ec460eeda595  bpi-tools.tgz https://googledrive.com/host/0B_YnvHgh2rwjMGZOZC1Gd3dwQkE v1.0.9(2016-07-23) /
12a11c206228ab99676b9ac823145fbc  3.3.0-BPI-M2-Kernel.tgz https://googledrive.com/host/0B_YnvHgh2rwjX1Y4QzNCbmYzUm8 v1.2.3 /
738de3dd357b1a6dd5382be4d14300bd  3.4.39-BPI-M2P-Kernel.tgz https://googledrive.com/host/0B_YnvHgh2rwjeWV2YWQySC1EMjQ v1.2.6 /
72dc8d5f1cef0b02a29a69a37fd35a12  3.4.39-BPI-M3-Kernel.tgz https://googledrive.com/host/0B_YnvHgh2rwjMU01LTRyRXBpUHM (2016-07-26,v1.2.9) /
9409abd6c77f49cb65fd8476fd11aa49  3.4.112-sun7i.tgz https://googledrive.com/host/0B_YnvHgh2rwjYVpsYThRcjJUVWM v1.1.1(2016-07-06) /
cf017f318bcd3dbb8fcb3631e2ed8622  3.4.112-sun8i.tgz https://googledrive.com/host/0B_YnvHgh2rwjcFhwREFUN0RqdzA v1.1.0 /
ae03bc75c2d34fa35132de0b7b202aa3  3.10.101-pine64-bpi-m64.tgz https://googledrive.com/host/0B_YnvHgh2rwjWXBxd0ZWRlBoNHM v1.0.0 /
5000b344072c788189427c9802756901  rpi-kernel.tgz https://googledrive.com/host/0B_YnvHgh2rwjS3FzbVkyUXc5Vjg v1.1.1(2016-07-23) /
38293c21d804342ec5a1cc0dcd4a7866  4.6.5-300.fc24.armv7hl.tgz https://googledrive.com/host/0B_YnvHgh2rwjUjloZFZraUE5ekE v1.0.1(2016-08-10) /
b32da371c09b60a64730f4f045e42d7e  4.2.0-BPI-kernel+.tgz https://googledrive.com/host/0B_YnvHgh2rwjd3ktMmJNTTBJT0U v1.0 /
eec93856fc04c7fb9a4a43a6db677b00  bpi-m2-video.tgz https://googledrive.com/host/0B_YnvHgh2rwjaEpubkd5NFZvLWc v1.0 /
9516db125a5d31a709be90fa26e5feb1  libvdpau_sunxi.tgz https://googledrive.com/host/0B_YnvHgh2rwjcFhwQ2NHemU1YnM v1.0 /
992bb017e7e59b49c0544edb189889b1  brcm.tgz https://googledrive.com/host/0B_YnvHgh2rwjTV9ETTV2dXh4YTA v1.0 /
b735e80b7c0118bd7695a79b96eaae94  bt.tgz https://googledrive.com/host/0B_YnvHgh2rwjcVZfQzA3bVFVQWM v1.6(2016.07.23) /
